<?xml version="1.0" encoding="UTF-8"?>
<testsuite xmlns:xsi="http://www.w3.org/2001/XMLSchema-instance" xsi:noNamespaceSchemaLocation="https://maven.apache.org/surefire/maven-surefire-plugin/xsd/surefire-test-report-3.0.xsd" version="3.0" name="TestSuite" time="78.066" tests="1" errors="0" skipped="0" failures="0">
  <properties>
[...]
</properties>
  <testcase name="runScenario[&quot;User should buy product&quot;, &quot;Buy product&quot;](1)" classname="Runners.Run" time="76.731">
    <system-out><![CDATA[Value that i want to verify:  Your order has been dispatched and will arrive as fast as the pony gallops!
]]></system-out>
    <system-err><![CDATA[Dec 29, 2023 8:37:50 AM io.appium.java_client.remote.AppiumCommandExecutor$1 lambda$0
INFO: Detected dialect: W3C
]]></system-err>
  </testcase>
</testsuite>