<?xml version="1.0" encoding="UTF-8"?>
<testng-results skipped="0" failed="0" ignored="0" total="1" passed="1">
  <reporter-output>
  </reporter-output>
  <suite name="CucumberTestSuite" duration-ms="76862" started-at="2023-12-29T08:37:27 CET" finished-at="2023-12-29T08:38:44 CET">
    <groups>
      <group name="cucumber">
        <method signature="AbstractTestNGCucumberTests.runScenario(io.cucumber.testng.PickleWrapper,io.cucumber.testng.FeatureWrapper)[pri:0, instance:Runners.Run@63440df3]" name="runScenario" class="io.cucumber.testng.AbstractTestNGCucumberTests"/>
      </group> <!-- cucumber -->
    </groups>
    <test name="CucumberTest" duration-ms="76862" started-at="2023-12-29T08:37:27 CET" finished-at="2023-12-29T08:38:44 CET">
      <class name="Runners.Run">
        <test-method status="PASS" signature="setUpClass(org.testng.ITestContext)[pri:0, instance:Runners.Run@63440df3]" name="setUpClass" is-config="true" duration-ms="348" started-at="2023-12-29T08:37:27 CET" finished-at="2023-12-29T08:37:28 CET">
          <params>
            <param index="0">
              <value>
                <![CDATA[org.testng.TestRunner@1450078a]]>
              </value>
            </param>
          </params>
          <reporter-output>
          </reporter-output>
        </test-method> <!-- setUpClass -->
        <test-method status="PASS" signature="runScenario(io.cucumber.testng.PickleWrapper,io.cucumber.testng.FeatureWrapper)[pri:0, instance:Runners.Run@63440df3]" name="runScenario" duration-ms="76455" started-at="2023-12-29T08:37:28 CET" description="Runs Cucumber Scenarios" data-provider="scenarios" finished-at="2023-12-29T08:38:44 CET">
          <params>
            <param index="0">
              <value>
                <![CDATA["User should buy product"]]>
              </value>
            </param>
            <param index="1">
              <value>
                <![CDATA["Buy product"]]>
              </value>
            </param>
          </params>
          <reporter-output>
          </reporter-output>
        </test-method> <!-- runScenario -->
        <test-method status="PASS" signature="tearDownClass()[pri:0, instance:Runners.Run@63440df3]" name="tearDownClass" is-config="true" duration-ms="6" started-at="2023-12-29T08:38:44 CET" finished-at="2023-12-29T08:38:44 CET">
          <reporter-output>
          </reporter-output>
        </test-method> <!-- tearDownClass -->
      </class> <!-- Runners.Run -->
    </test> <!-- CucumberTest -->
  </suite> <!-- CucumberTestSuite -->
</testng-results>
